1. EN
2. EN
3. EN
4. EN
5. EN
6. EN
7. EN
8. EN
9. EN
10. EN
11. EN
12. EN
13. EN
14. EN
15. EN
16. EN
17. EN
18. EN
19. EN
20. EN
21. EN
22. EN
23. EN
24. EN
25. EN
26. EN
27. EN
28. EN
29. EN
30. EN
31. EN
32. EN
33. EN
34. EN
35. GR
36. EN
37. EN
38. EN
39. EN
40. EN
41. EN
42. EN
43. EN
44. EN
45. EN
46. EN
47. EN
48. EN
49. EN
50. EN
51. EN
52. EN
53. EN
54. EN
55. EN
56. EN
57. EN
58. EN
59. GR
60. EN
61. EN
62. EN
63. EN
64. EN
65. EN
66. EN
67. GR
68. EN
69. EN
70. EN
71. EN
72. EN
73. EN
74. EN
75. EN
76. EN
77. EN
78. EN
79. EN
80. EN
81. EN
82. EN
83. FR
84. FR
85. EN
86. EN
87. EN
88. EN
89. EN
90. EN
91. EN
92. EN
93. EN
94. EN
95. EN
96. EN
97. EN
98. EN
99. EN
100. EN
101. EN
102. EN
103. EN
104. EN
105. EN
106. EN
107. EN
108. EN
109. EN
110. EN
111. EN
112. EN
113. EN
114. EN
115. EN
116. GR
117. EN
118. EN
119. EN
120. EN
121. EN
122. EN
123. EN
124. GR
125. GR
126. EN
127. EN
128. EN
129. EN
130. EN
131. EN
132. EN
133. EN
134. EN
135. EN
136. EN
137. EN
138. EN
139. EN
140. EN
141. EN
142. EN
143. EN
144. EN
145. EN
146. EN
147. EN
148. EN
149. EN
150. EN
